This is pdfTeX, Version 3.14159265-2.6-1.40.21 (TeX Live 2020) (preloaded format=pdflatex)
 restricted \write18 enabled.
entering extended mode
(./Paper.tex
LaTeX2e <2020-10-01> patch level 4
L3 programming layer <2021-02-18>
(/usr/share/texlive/texmf-dist/tex/latex/base/article.cls
Document Class: article 2020/04/10 v1.4m Standard LaTeX document class
(/usr/share/texlive/texmf-dist/tex/latex/base/size11.clo))
(/usr/share/texlive/texmf-dist/tex/latex/base/inputenc.sty)
(/usr/share/texlive/texmf-dist/tex/latex/base/fontenc.sty)
(/usr/share/texlive/texmf-dist/tex/latex/amsmath/amsmath.sty
For additional information on amsmath, use the `?' option.
(/usr/share/texlive/texmf-dist/tex/latex/amsmath/amstext.sty
(/usr/share/texlive/texmf-dist/tex/latex/amsmath/amsgen.sty))
(/usr/share/texlive/texmf-dist/tex/latex/amsmath/amsbsy.sty)
(/usr/share/texlive/texmf-dist/tex/latex/amsmath/amsopn.sty))
(/usr/share/texlive/texmf-dist/tex/latex/amsfonts/amssymb.sty
(/usr/share/texlive/texmf-dist/tex/latex/amsfonts/amsfonts.sty))
(/usr/share/texlive/texmf-dist/tex/latex/amscls/amsthm.sty)
(/usr/share/texlive/texmf-dist/tex/latex/graphics/graphicx.sty
(/usr/share/texlive/texmf-dist/tex/latex/graphics/keyval.sty)
(/usr/share/texlive/texmf-dist/tex/latex/graphics/graphics.sty
(/usr/share/texlive/texmf-dist/tex/latex/graphics/trig.sty)
(/usr/share/texlive/texmf-dist/tex/latex/graphics-cfg/graphics.cfg)
(/usr/share/texlive/texmf-dist/tex/latex/graphics-def/pdftex.def)))
(/usr/share/texlive/texmf-dist/tex/latex/hyperref/hyperref.sty
(/usr/share/texlive/texmf-dist/tex/generic/ltxcmds/ltxcmds.sty)
(/usr/share/texlive/texmf-dist/tex/generic/iftex/iftex.sty)
(/usr/share/texlive/texmf-dist/tex/generic/pdftexcmds/pdftexcmds.sty
(/usr/share/texlive/texmf-dist/tex/generic/infwarerr/infwarerr.sty))
(/usr/share/texlive/texmf-dist/tex/generic/kvsetkeys/kvsetkeys.sty)
(/usr/share/texlive/texmf-dist/tex/generic/kvdefinekeys/kvdefinekeys.sty)
(/usr/share/texlive/texmf-dist/tex/generic/pdfescape/pdfescape.sty)
(/usr/share/texlive/texmf-dist/tex/latex/hycolor/hycolor.sty)
(/usr/share/texlive/texmf-dist/tex/latex/letltxmacro/letltxmacro.sty)
(/usr/share/texlive/texmf-dist/tex/latex/auxhook/auxhook.sty)
(/usr/share/texlive/texmf-dist/tex/latex/kvoptions/kvoptions.sty)
(/usr/share/texlive/texmf-dist/tex/latex/hyperref/pd1enc.def)
(/usr/share/texlive/texmf-dist/tex/latex/hyperref/hyperref-langpatches.def)
(/usr/share/texlive/texmf-dist/tex/generic/intcalc/intcalc.sty)
(/usr/share/texlive/texmf-dist/tex/generic/etexcmds/etexcmds.sty)
(/usr/share/texlive/texmf-dist/tex/latex/hyperref/puenc.def)
(/usr/share/texlive/texmf-dist/tex/latex/url/url.sty)
(/usr/share/texlive/texmf-dist/tex/generic/bitset/bitset.sty
(/usr/share/texlive/texmf-dist/tex/generic/bigintcalc/bigintcalc.sty))
(/usr/share/texlive/texmf-dist/tex/latex/base/atbegshi-ltx.sty))
(/usr/share/texlive/texmf-dist/tex/latex/hyperref/hpdftex.def
(/usr/share/texlive/texmf-dist/tex/latex/base/atveryend-ltx.sty)
(/usr/share/texlive/texmf-dist/tex/latex/rerunfilecheck/rerunfilecheck.sty
(/usr/share/texlive/texmf-dist/tex/generic/uniquecounter/uniquecounter.sty)))
(/usr/share/texlive/texmf-dist/tex/latex/algorithms/algorithm.sty
(/usr/share/texlive/texmf-dist/tex/latex/float/float.sty)
(/usr/share/texlive/texmf-dist/tex/latex/base/ifthen.sty))
(/usr/share/texlive/texmf-dist/tex/latex/algorithms/algorithmic.sty)
(/usr/share/texlive/texmf-dist/tex/latex/booktabs/booktabs.sty)
(/usr/share/texlive/texmf-dist/tex/latex/multirow/multirow.sty)
(/usr/share/texlive/texmf-dist/tex/latex/geometry/geometry.sty
(/usr/share/texlive/texmf-dist/tex/generic/iftex/ifvtex.sty))
(/usr/share/texlive/texmf-dist/tex/latex/natbib/natbib.sty)
(/usr/share/texlive/texmf-dist/tex/latex/caption/caption.sty
(/usr/share/texlive/texmf-dist/tex/latex/caption/caption3.sty))
(/usr/share/texlive/texmf-dist/tex/latex/caption/subcaption.sty)
(/usr/share/texlive/texmf-dist/tex/latex/xcolor/xcolor.sty
(/usr/share/texlive/texmf-dist/tex/latex/graphics-cfg/color.cfg))
(/usr/share/texlive/texmf-dist/tex/latex/l3backend/l3backend-pdftex.def)
(./Paper.aux)
(/usr/share/texlive/texmf-dist/tex/context/base/mkii/supp-pdf.mkii
[Loading MPS to PDF converter (version 2006.09.02).]
) (/usr/share/texlive/texmf-dist/tex/latex/epstopdf-pkg/epstopdf-base.sty
(/usr/share/texlive/texmf-dist/tex/latex/latexconfig/epstopdf-sys.cfg))
(/usr/share/texlive/texmf-dist/tex/latex/hyperref/nameref.sty
(/usr/share/texlive/texmf-dist/tex/latex/refcount/refcount.sty)
(/usr/share/texlive/texmf-dist/tex/generic/gettitlestring/gettitlestring.sty))
(./Paper.out) (./Paper.out)
*geometry* driver: auto-detecting
*geometry* detected driver: pdftex
(/usr/share/texlive/texmf-dist/tex/latex/amsfonts/umsa.fd)
(/usr/share/texlive/texmf-dist/tex/latex/amsfonts/umsb.fd)
(/usr/share/texlive/texmf-dist/tex/latex/base/t1cmtt.fd)

Package natbib Warning: Citation `brown2020language' on page 1 undefined on inp
ut line 54.


Package natbib Warning: Citation `hu2021lora' on page 1 undefined on input line
 56.


Package natbib Warning: Citation `lou2023discrete' on page 1 undefined on input
 line 58.


Package natbib Warning: Citation `sahoo2024masked' on page 1 undefined on input
 line 58.

[1{/usr/share/texlive/texmf-dist/fonts/map/pdftex/updmap/pdftex.map}]

LaTeX Warning: Reference `sec:conclusion' on page 2 undefined on input line 68.



Package natbib Warning: Citation `austin2021structured' on page 2 undefined on 
input line 75.


Package natbib Warning: Citation `hoogeboom2021autoregressive' on page 2 undefi
ned on input line 75.


Package natbib Warning: Citation `lou2023discrete' on page 2 undefined on input
 line 75.


Package natbib Warning: Citation `sahoo2024masked' on page 2 undefined on input
 line 75.


Package natbib Warning: Citation `li2022diffusion' on page 2 undefined on input
 line 75.


Package natbib Warning: Citation `hu2021lora' on page 2 undefined on input line
 79.


Package natbib Warning: Citation `dettmers2023qlora' on page 2 undefined on inp
ut line 79.


Package natbib Warning: Citation `zhang2023adalora' on page 2 undefined on inpu
t line 79.


Package natbib Warning: Citation `li2021prefix' on page 2 undefined on input li
ne 79.


Package natbib Warning: Citation `lester2021power' on page 2 undefined on input
 line 79.


Package natbib Warning: Citation `houlsby2019parameter' on page 2 undefined on 
input line 79.


Package natbib Warning: Citation `zaken2021bitfit' on page 2 undefined on input
 line 79.


Package natbib Warning: Citation `tlora2024' on page 2 undefined on input line 
81.


Package natbib Warning: Citation `foura2024' on page 2 undefined on input line 
81.


Package natbib Warning: Citation `selora2024' on page 2 undefined on input line
 81.


Package natbib Warning: Citation `gelora2024' on page 2 undefined on input line
 81.


Package natbib Warning: Citation `estlora2024' on page 2 undefined on input lin
e 81.

[2]

Package natbib Warning: Citation `ilharco2022editing' on page 3 undefined on in
put line 85.


Package natbib Warning: Citation `wang2020orthogonal' on page 3 undefined on in
put line 85.


Package natbib Warning: Citation `fedus2022switch' on page 3 undefined on input
 line 85.


Package natbib Warning: Citation `aghajanyan2020intrinsic' on page 3 undefined 
on input line 85.


Package natbib Warning: Citation `li2018measuring' on page 3 undefined on input
 line 85.


Package natbib Warning: Citation `tishby2015deep' on page 3 undefined on input 
line 85.


Package natbib Warning: Citation `austin2021structured' on page 3 undefined on 
input line 92.


Package natbib Warning: Citation `hu2021lora' on page 3 undefined on input line
 94.


Package natbib Warning: Citation `aghajanyan2020intrinsic' on page 3 undefined 
on input line 94.

[3] [4]

Package natbib Warning: Citation `lou2023discrete' on page 5 undefined on input
 line 168.


LaTeX Warning: `h' float specifier changed to `ht'.


Package natbib Warning: Citation `tishby2000information' on page 5 undefined on
 input line 209.

[5] [6] [7]

LaTeX Warning: Reference `tab:composition' on page 8 undefined on input line 34
4.


LaTeX Warning: `h' float specifier changed to `ht'.


LaTeX Warning: Reference `tab:rank_ablation' on page 8 undefined on input line 
369.


LaTeX Warning: Reference `tab:num_modules' on page 8 undefined on input line 36
9.


LaTeX Warning: `h' float specifier changed to `ht'.


LaTeX Warning: `h' float specifier changed to `ht'.


LaTeX Warning: Reference `tab:model_scaling' on page 8 undefined on input line 
402.

[8]

LaTeX Warning: `h' float specifier changed to `ht'.


LaTeX Warning: Reference `tab:detailed_comparison' on page 9 undefined on input
 line 419.


LaTeX Warning: `h' float specifier changed to `ht'.


LaTeX Warning: Reference `fig:rank_ablation' on page 9 undefined on input line 
441.


LaTeX Warning: Reference `fig:effective_rank' on page 9 undefined on input line
 441.


LaTeX Warning: Reference `fig:data_efficiency' on page 9 undefined on input lin
e 441.


LaTeX Warning: Reference `fig:trajectory_viz' on page 9 undefined on input line
 441.


LaTeX Warning: `h' float specifier changed to `ht'.


LaTeX Warning: `h' float specifier changed to `ht'.


LaTeX Warning: `h' float specifier changed to `ht'.

[9] [10] [11]

Package natbib Warning: There were undefined citations.

[12] (./Paper.aux

Package natbib Warning: Citation(s) may have changed.
(natbib)                Rerun to get citations correct.

)

LaTeX Warning: There were undefined references.


LaTeX Warning: Label(s) may have changed. Rerun to get cross-references right.


Package rerunfilecheck Warning: File `Paper.out' has changed.
(rerunfilecheck)                Rerun to get outlines right
(rerunfilecheck)                or use package `bookmark'.

 ){/usr/share/texlive/texmf-dist/fonts/enc/dvips/cm-super/cm-super-t1.enc}</usr
/share/texlive/texmf-dist/fonts/type1/public/amsfonts/cm/cmbx10.pfb></usr/share
/texlive/texmf-dist/fonts/type1/public/amsfonts/cm/cmbx8.pfb></usr/share/texliv
e/texmf-dist/fonts/type1/public/amsfonts/cm/cmex10.pfb></usr/share/texlive/texm
f-dist/fonts/type1/public/amsfonts/cm/cmmi10.pfb></usr/share/texlive/texmf-dist
/fonts/type1/public/amsfonts/cm/cmmi6.pfb></usr/share/texlive/texmf-dist/fonts/
type1/public/amsfonts/cm/cmmi7.pfb></usr/share/texlive/texmf-dist/fonts/type1/p
ublic/amsfonts/cm/cmmi8.pfb></usr/share/texlive/texmf-dist/fonts/type1/public/a
msfonts/cm/cmmib10.pfb></usr/share/texlive/texmf-dist/fonts/type1/public/amsfon
ts/cm/cmr10.pfb></usr/share/texlive/texmf-dist/fonts/type1/public/amsfonts/cm/c
mr5.pfb></usr/share/texlive/texmf-dist/fonts/type1/public/amsfonts/cm/cmr6.pfb>
</usr/share/texlive/texmf-dist/fonts/type1/public/amsfonts/cm/cmr7.pfb></usr/sh
are/texlive/texmf-dist/fonts/type1/public/amsfonts/cm/cmr8.pfb></usr/share/texl
ive/texmf-dist/fonts/type1/public/amsfonts/cm/cmsy10.pfb></usr/share/texlive/te
xmf-dist/fonts/type1/public/amsfonts/cm/cmsy6.pfb></usr/share/texlive/texmf-dis
t/fonts/type1/public/amsfonts/cm/cmsy7.pfb></usr/share/texlive/texmf-dist/fonts
/type1/public/amsfonts/cm/cmsy8.pfb></usr/share/texlive/texmf-dist/fonts/type1/
public/amsfonts/symbols/msam10.pfb></usr/share/texlive/texmf-dist/fonts/type1/p
ublic/amsfonts/symbols/msbm10.pfb></usr/share/texlive/texmf-dist/fonts/type1/pu
blic/cm-super/sfbx1000.pfb></usr/share/texlive/texmf-dist/fonts/type1/public/cm
-super/sfbx1095.pfb></usr/share/texlive/texmf-dist/fonts/type1/public/cm-super/
sfbx1200.pfb></usr/share/texlive/texmf-dist/fonts/type1/public/cm-super/sfbx144
0.pfb></usr/share/texlive/texmf-dist/fonts/type1/public/cm-super/sfrm0800.pfb><
/usr/share/texlive/texmf-dist/fonts/type1/public/cm-super/sfrm0900.pfb></usr/sh
are/texlive/texmf-dist/fonts/type1/public/cm-super/sfrm1000.pfb></usr/share/tex
live/texmf-dist/fonts/type1/public/cm-super/sfrm1095.pfb></usr/share/texlive/te
xmf-dist/fonts/type1/public/cm-super/sfrm1200.pfb></usr/share/texlive/texmf-dis
t/fonts/type1/public/cm-super/sfrm1728.pfb></usr/share/texlive/texmf-dist/fonts
/type1/public/cm-super/sfti1095.pfb></usr/share/texlive/texmf-dist/fonts/type1/
public/cm-super/sftt1095.pfb></usr/share/texlive/texmf-dist/fonts/type1/public/
cm-super/sftt1200.pfb>
Output written on Paper.pdf (12 pages, 492724 bytes).
Transcript written on Paper.log.
